<?xml version="1.0" encoding="UTF-8"?>
<!-- Generated by org.testng.reporters.JUnitReportReporter -->
<testsuite hostname="DESKTOP-VUDSQO6" failures="0" tests="2" name="com.demopom_framework.logintest.LoginTest" time="40.508" errors="0" timestamp="2023-03-18T11:08:01 IST" skipped="0">
  <testcase classname="com.demopom_framework.logintest.LoginTest" name="testLoginPage" time="27.550"/>
  <system-out/>
  <testcase classname="com.demopom_framework.logintest.LoginTest" name="testLoginPage" time="12.958"/>
  <system-out/>
</testsuite> <!-- com.demopom_framework.logintest.LoginTest -->
