<?xml version="1.0" encoding="UTF-8"?>
<!-- Generated by org.testng.reporters.JUnitReportReporter -->
<testsuite hostname="DESKTOP-VUDSQO6" failures="0" tests="3" name="com.demopom_framework.logintest.ForgotAccountTest" time="50.783" errors="0" timestamp="2023-03-10T23:56:15 IST" skipped="0">
  <testcase classname="com.demopom_framework.logintest.ForgotAccountTest" name="testForgotAccountPage" time="11.757"/>
  <system-out/>
  <testcase classname="com.demopom_framework.logintest.ForgotAccountTest" name="testForgotAccountPage" time="27.377"/>
  <system-out/>
  <testcase classname="com.demopom_framework.logintest.ForgotAccountTest" name="testForgotAccountPage" time="11.649"/>
  <system-out/>
</testsuite> <!-- com.demopom_framework.logintest.ForgotAccountTest -->
