<?xml version="1.0" encoding="UTF-8"?>
<!-- Generated by org.testng.reporters.JUnitReportReporter -->
<testsuite hostname="DESKTOP-VUDSQO6" failures="0" tests="2" name="com.demopom_framework.logintest.ForgotAccountTest" time="19.331" errors="0" timestamp="2023-03-11T00:06:05 IST" skipped="0">
  <testcase classname="com.demopom_framework.logintest.ForgotAccountTest" name="testForgotAccountPage" time="8.414"/>
  <system-out/>
  <testcase classname="com.demopom_framework.logintest.ForgotAccountTest" name="testForgotAccountPage" time="10.917"/>
  <system-out/>
</testsuite> <!-- com.demopom_framework.logintest.ForgotAccountTest -->
