<?xml version="1.0" encoding="UTF-8"?>
<!-- Generated by org.testng.reporters.JUnitReportReporter -->
<testsuite hostname="DESKTOP-VUDSQO6" failures="0" tests="2" name="com.demopom_framework.logintest.LoginTest" time="28.057" errors="0" timestamp="2023-03-11T00:06:05 IST" skipped="0">
  <testcase classname="com.demopom_framework.logintest.LoginTest" name="testLoginPage" time="13.846"/>
  <system-out/>
  <testcase classname="com.demopom_framework.logintest.LoginTest" name="testLoginPage" time="14.211"/>
  <system-out/>
</testsuite> <!-- com.demopom_framework.logintest.LoginTest -->
